#
# A fatal error has been detected by the Java Runtime Environment:
#
#  SIGBUS (0xa) at pc=0x00007fff6edfdf49, pid=84878, tid=0x0000000000015403
#
# JRE version: Java(TM) SE Runtime Environment (8.0_161-b12) (build 1.8.0_161-b12)
# Java VM: Java HotSpot(TM) 64-Bit Server VM (25.161-b12 mixed mode bsd-amd64 compressed oops)
# Problematic frame:
# C  [libsystem_platform.dylib+0x4f49]  _platform_memmove$VARIANT$Haswell+0x29
#
# Failed to write core dump. Core dumps have been disabled. To enable core dumping, try "ulimit -c unlimited" before starting Java again
#
# If you would like to submit a bug report, please visit:
#   http://bugreport.java.com/bugreport/crash.jsp
#

---------------  T H R E A D  ---------------

Current thread (0x00007ffea24ff000):  JavaThread "Executor task launch worker for task 3" daemon [_thread_in_vm, id=87043, stack(0x0000700010220000,0x0000700010320000)]

siginfo: si_signo: 10 (SIGBUS), si_code: 2 (BUS_ADRERR), si_addr: 0x00000007b27bcb49

Registers:
RAX=0x00000006f2882648, RBX=0x0000000000000010, RCX=0x0000000000100000, RDX=0x0000000000100000
RSP=0x000070001031ebe0, RBP=0x000070001031ebe0, RSI=0x00000007b27bcb49, RDI=0x00000006f2882648
R8 =0x00000007c00007a8, R9 =0x0000000000000010, R10=0x000000010f1deaa7, R11=0xffffffff400c5aff
R12=0x000070001031ec60, R13=0x00007ffea24ff000, R14=0x000070001031ec70, R15=0x0000000033302d49
RIP=0x00007fff6edfdf49, EFLAGS=0x0000000000010206, ERR=0x0000000000000004
  TRAPNO=0x000000000000000e

Top of Stack: (sp=0x000070001031ebe0)
0x000070001031ebe0:   000070001031ebf0 00000001033e76d3
0x000070001031ebf0:   000070001031ec40 00000001037867ad
0x000070001031ec00:   00007ffea24ff000 00007ffea24ff000
0x000070001031ec10:   00007ffea24ff000 000000010db44018
0x000070001031ec20:   0000000000000000 00000006f2882638
0x000070001031ec30:   0000000000000010 00007ffea24ff000
0x000070001031ec40:   000070001031ec90 000000010f1deb21
0x000070001031ec50:   0000000000100000 00000006c00128a0
0x000070001031ec60:   000000077f4b9e00 000000077f4b9e00
0x000070001031ec70:   00000006f2882638 000000010f1dea58
0x000070001031ec80:   0000000000000000 0000000000000202
0x000070001031ec90:   000070001031ee10 000000010f1d70d4
0x000070001031eca0:   00007ffea24ff000 0000000006260647
0x000070001031ecb0:   000070001031ecf0 06260647032b34ae
0x000070001031ecc0:   00000006f2882638 00007ffea24ff000
0x000070001031ecd0:   0000000006260647 00000006f2882638
0x000070001031ece0:   0000000031303222 00000007c00007a8
0x000070001031ecf0:   000070001031ed40 00000001032b375c
0x000070001031ed00:   00007ffea24ff000 0000000000000001
0x000070001031ed10:   33302d3931303222 0000000031303222
0x000070001031ed20:   000000077f4b9e00 0000000000100000
0x000070001031ed30:   0000000033302d49 0000000000000010
0x000070001031ed40:   00000006f2882638 0000000103343e13
0x000070001031ed50:   000070001031eda0 000070001031ee28
0x000070001031ed60:   000070001031ed80 0000000103343e3e
0x000070001031ed70:   000070001031ee10 000000010ec222bd
0x000070001031ed80:   000070001031edb0 000000010ec222bd
0x000070001031ed90:   0000000031303222 00007ffea24ff000
0x000070001031eda0:   0000000000000010 0000000000000010
0x000070001031edb0:   00000006f2882638 0000000033302d49
0x000070001031edc0:   0000000033302d49 000000077f4b9e00
0x000070001031edd0:   000070001031edd0 0000000124a5e5d4 

Instructions: (pc=0x00007fff6edfdf49)
0x00007fff6edfdf29:   f3 48 89 f8 49 39 d3 72 1b 48 83 fa 60 76 2f 48
0x00007fff6edfdf39:   81 fa 00 40 00 00 0f 82 cb 00 00 00 48 89 d1 fc
0x00007fff6edfdf49:   f3 a4 5d c3 48 39 fe 74 f9 48 01 d6 48 01 d7 48
0x00007fff6edfdf59:   83 fa 60 0f 82 8c 01 00 00 e9 a9 01 00 00 48 83 

Register to memory mapping:

RAX=0x00000006f2882648 is pointing into object: 0x00000006f2882638
[B 
 - klass: {type array byte}
 - length: 825242146
RBX=0x0000000000000010 is an unknown value
RCX=0x0000000000100000 is an unknown value
RDX=0x0000000000100000 is an unknown value
RSP=0x000070001031ebe0 is pointing into the stack for thread: 0x00007ffea24ff000
RBP=0x000070001031ebe0 is pointing into the stack for thread: 0x00007ffea24ff000
RSI=0x00000007b27bcb49 is an unallocated location in the heap
RDI=0x00000006f2882648 is pointing into object: 0x00000006f2882638
[B 
 - klass: {type array byte}
 - length: 825242146
R8 =0x00000007c00007a8 is pointing into metadata
R9 =0x0000000000000010 is an unknown value
R10=0x000000010f1deaa7 is at entry_point+103 in (nmethod*)0x000000010f1de8d0
R11=0xffffffff400c5aff is an unknown value
R12=0x000070001031ec60 is pointing into the stack for thread: 0x00007ffea24ff000
R13=0x00007ffea24ff000 is a thread
R14=0x000070001031ec70 is pointing into the stack for thread: 0x00007ffea24ff000
R15=0x0000000033302d49 is an unknown value


Stack: [0x0000700010220000,0x0000700010320000],  sp=0x000070001031ebe0,  free space=1018k
Native frames: (J=compiled Java code, j=interpreted, Vv=VM code, C=native code)
C  [libsystem_platform.dylib+0x4f49]  _platform_memmove$VARIANT$Haswell+0x29
V  [libjvm.dylib+0x1e76d3]  Copy::conjoint_memory_atomic(void*, void*, unsigned long)+0x27
V  [libjvm.dylib+0x5867ad]  Unsafe_CopyMemory2+0xcd
J 5550  sun.misc.Unsafe.copyMemory(Ljava/lang/Object;JLjava/lang/Object;JJ)V (0 bytes) @ 0x000000010f1deb21 [0x000000010f1dea40+0xe1]
J 5551 C1 org.apache.spark.unsafe.Platform.copyMemory(Ljava/lang/Object;JLjava/lang/Object;JJ)V (124 bytes) @ 0x000000010f1d70d4 [0x000000010f1d6e80+0x254]
j  org.apache.spark.unsafe.types.UTF8String.getBytes()[B+76
j  org.apache.spark.unsafe.types.UTF8String.toString()Ljava/lang/String;+5
j  org.apache.spark.sql.catalyst.expressions.GeneratedClass$GeneratedIteratorForCodegenStage1.deserializetoobject_doConsume_0$(Lorg/apache/spark/sql/catalyst/expressions/GeneratedClass$GeneratedIteratorForCodegenStage1;Lorg/apache/spark/unsafe/types/UTF8String;Z)V+19
j  org.apache.spark.sql.catalyst.expressions.GeneratedClass$GeneratedIteratorForCodegenStage1.processNext()V+61
j  org.apache.spark.sql.execution.BufferedRowIterator.hasNext()Z+11
j  org.apache.spark.sql.execution.WholeStageCodegenExec$$anonfun$10$$anon$1.hasNext()Z+4
J 3692 C1 scala.collection.Iterator$class.foreach(Lscala/collection/Iterator;Lscala/Function1;)V (26 bytes) @ 0x000000010f783044 [0x000000010f782da0+0x2a4]
j  org.apache.spark.sql.execution.WholeStageCodegenExec$$anonfun$10$$anon$1.foreach(Lscala/Function1;)V+2
j  org.apache.spark.sql.execution.datasources.v2.DataWritingSparkTask$$anonfun$runContinuous$1.apply$mcV$sp()V+12
j  org.apache.spark.sql.execution.datasources.v2.DataWritingSparkTask$$anonfun$runContinuous$1.apply()V+1
j  org.apache.spark.sql.execution.datasources.v2.DataWritingSparkTask$$anonfun$runContinuous$1.apply()Ljava/lang/Object;+1
j  org.apache.spark.util.Utils$.tryWithSafeFinallyAndFailureCallbacks(Lscala/Function0;Lscala/Function0;Lscala/Function0;)Ljava/lang/Object;+4
j  org.apache.spark.sql.execution.datasources.v2.DataWritingSparkTask$.runContinuous(Lorg/apache/spark/sql/sources/v2/writer/DataWriterFactory;Lorg/apache/spark/TaskContext;Lscala/collection/Iterator;)Lorg/apache/spark/sql/sources/v2/writer/WriterCommitMessage;+123
j  org.apache.spark.sql.execution.datasources.v2.WriteToDataSourceV2Exec$$anonfun$1.apply(Lorg/apache/spark/TaskContext;Lscala/collection/Iterator;)Lorg/apache/spark/sql/sources/v2/writer/WriterCommitMessage;+9
j  org.apache.spark.sql.execution.datasources.v2.WriteToDataSourceV2Exec$$anonfun$1.apply(Ljava/lang/Object;Ljava/lang/Object;)Ljava/lang/Object;+9
j  org.apache.spark.scheduler.ResultTask.runTask(Lorg/apache/spark/TaskContext;)Ljava/lang/Object;+190
j  org.apache.spark.scheduler.Task.run(JILorg/apache/spark/metrics/MetricsSystem;)Ljava/lang/Object;+181
j  org.apache.spark.executor.Executor$TaskRunner.run()V+381
j  java.util.concurrent.ThreadPoolExecutor.runWorker(Ljava/util/concurrent/ThreadPoolExecutor$Worker;)V+95
j  java.util.concurrent.ThreadPoolExecutor$Worker.run()V+5
j  java.lang.Thread.run()V+11
v  ~StubRoutines::call_stub
V  [libjvm.dylib+0x2ef9aa]  JavaCalls::call_helper(JavaValue*, methodHandle*, JavaCallArguments*, Thread*)+0x6ae
V  [libjvm.dylib+0x2f014e]  JavaCalls::call_virtual(JavaValue*, KlassHandle, Symbol*, Symbol*, JavaCallArguments*, Thread*)+0x164
V  [libjvm.dylib+0x2f02fa]  JavaCalls::call_virtual(JavaValue*, Handle, KlassHandle, Symbol*, Symbol*, Thread*)+0x4a
V  [libjvm.dylib+0x34aae5]  thread_entry(JavaThread*, Thread*)+0x7c
V  [libjvm.dylib+0x56edef]  JavaThread::thread_main_inner()+0x9b
V  [libjvm.dylib+0x5704ea]  JavaThread::run()+0x1c2
V  [libjvm.dylib+0x48d83a]  java_start(Thread*)+0xf6
C  [libsystem_pthread.dylib+0x36c1]  _pthread_body+0x154
C  [libsystem_pthread.dylib+0x356d]  _pthread_body+0x0
C  [libsystem_pthread.dylib+0x2c5d]  thread_start+0xd
C  0x0000000000000000

Java frames: (J=compiled Java code, j=interpreted, Vv=VM code)
J 5550  sun.misc.Unsafe.copyMemory(Ljava/lang/Object;JLjava/lang/Object;JJ)V (0 bytes) @ 0x000000010f1deaa7 [0x000000010f1dea40+0x67]
J 5551 C1 org.apache.spark.unsafe.Platform.copyMemory(Ljava/lang/Object;JLjava/lang/Object;JJ)V (124 bytes) @ 0x000000010f1d70d4 [0x000000010f1d6e80+0x254]
j  org.apache.spark.unsafe.types.UTF8String.getBytes()[B+76
j  org.apache.spark.unsafe.types.UTF8String.toString()Ljava/lang/String;+5
j  org.apache.spark.sql.catalyst.expressions.GeneratedClass$GeneratedIteratorForCodegenStage1.deserializetoobject_doConsume_0$(Lorg/apache/spark/sql/catalyst/expressions/GeneratedClass$GeneratedIteratorForCodegenStage1;Lorg/apache/spark/unsafe/types/UTF8String;Z)V+19
j  org.apache.spark.sql.catalyst.expressions.GeneratedClass$GeneratedIteratorForCodegenStage1.processNext()V+61
j  org.apache.spark.sql.execution.BufferedRowIterator.hasNext()Z+11
j  org.apache.spark.sql.execution.WholeStageCodegenExec$$anonfun$10$$anon$1.hasNext()Z+4
J 3692 C1 scala.collection.Iterator$class.foreach(Lscala/collection/Iterator;Lscala/Function1;)V (26 bytes) @ 0x000000010f783044 [0x000000010f782da0+0x2a4]
j  org.apache.spark.sql.execution.WholeStageCodegenExec$$anonfun$10$$anon$1.foreach(Lscala/Function1;)V+2
j  org.apache.spark.sql.execution.datasources.v2.DataWritingSparkTask$$anonfun$runContinuous$1.apply$mcV$sp()V+12
j  org.apache.spark.sql.execution.datasources.v2.DataWritingSparkTask$$anonfun$runContinuous$1.apply()V+1
j  org.apache.spark.sql.execution.datasources.v2.DataWritingSparkTask$$anonfun$runContinuous$1.apply()Ljava/lang/Object;+1
j  org.apache.spark.util.Utils$.tryWithSafeFinallyAndFailureCallbacks(Lscala/Function0;Lscala/Function0;Lscala/Function0;)Ljava/lang/Object;+4
j  org.apache.spark.sql.execution.datasources.v2.DataWritingSparkTask$.runContinuous(Lorg/apache/spark/sql/sources/v2/writer/DataWriterFactory;Lorg/apache/spark/TaskContext;Lscala/collection/Iterator;)Lorg/apache/spark/sql/sources/v2/writer/WriterCommitMessage;+123
j  org.apache.spark.sql.execution.datasources.v2.WriteToDataSourceV2Exec$$anonfun$1.apply(Lorg/apache/spark/TaskContext;Lscala/collection/Iterator;)Lorg/apache/spark/sql/sources/v2/writer/WriterCommitMessage;+9
j  org.apache.spark.sql.execution.datasources.v2.WriteToDataSourceV2Exec$$anonfun$1.apply(Ljava/lang/Object;Ljava/lang/Object;)Ljava/lang/Object;+9
j  org.apache.spark.scheduler.ResultTask.runTask(Lorg/apache/spark/TaskContext;)Ljava/lang/Object;+190
j  org.apache.spark.scheduler.Task.run(JILorg/apache/spark/metrics/MetricsSystem;)Ljava/lang/Object;+181
j  org.apache.spark.executor.Executor$TaskRunner.run()V+381
j  java.util.concurrent.ThreadPoolExecutor.runWorker(Ljava/util/concurrent/ThreadPoolExecutor$Worker;)V+95
j  java.util.concurrent.ThreadPoolExecutor$Worker.run()V+5
j  java.lang.Thread.run()V+11
v  ~StubRoutines::call_stub

---------------  P R O C E S S  ---------------

Java Threads: ( => current thread )
  0x00007ffe9f195000 JavaThread "continuous-reader--3--9485333e-27ec-4029-9506-5cf9a8f39b4a--4163bd8f-a84c-4d04-9d0b-1bc0af1775e3" daemon [_thread_blocked, id=46595, stack(0x0000700010a38000,0x0000700010b38000)]
  0x00007ffe9e4fd800 JavaThread "continuous-reader--1--9485333e-27ec-4029-9506-5cf9a8f39b4a--4163bd8f-a84c-4d04-9d0b-1bc0af1775e3" daemon [_thread_blocked, id=85507, stack(0x0000700010935000,0x0000700010a35000)]
  0x00007ffe9e4fc800 JavaThread "continuous-reader--2--9485333e-27ec-4029-9506-5cf9a8f39b4a--4163bd8f-a84c-4d04-9d0b-1bc0af1775e3" daemon [_thread_blocked, id=85763, stack(0x0000700010832000,0x0000700010932000)]
  0x00007ffea36c5800 JavaThread "continuous-reader--0--9485333e-27ec-4029-9506-5cf9a8f39b4a--4163bd8f-a84c-4d04-9d0b-1bc0af1775e3" daemon [_thread_blocked, id=45827, stack(0x000070001072f000,0x000070001082f000)]
  0x00007ffe9e8c5000 JavaThread "epoch-poll--9485333e-27ec-4029-9506-5cf9a8f39b4a--4163bd8f-a84c-4d04-9d0b-1bc0af1775e3--1" daemon [_thread_blocked, id=86019, stack(0x000070001062c000,0x000070001072c000)]
  0x00007ffe9e830800 JavaThread "epoch-poll--9485333e-27ec-4029-9506-5cf9a8f39b4a--4163bd8f-a84c-4d04-9d0b-1bc0af1775e3--3" daemon [_thread_blocked, id=86275, stack(0x0000700010529000,0x0000700010629000)]
  0x00007ffe9f194800 JavaThread "epoch-poll--9485333e-27ec-4029-9506-5cf9a8f39b4a--4163bd8f-a84c-4d04-9d0b-1bc0af1775e3--0" daemon [_thread_blocked, id=86531, stack(0x0000700010426000,0x0000700010526000)]
  0x00007ffea36c4000 JavaThread "epoch-poll--9485333e-27ec-4029-9506-5cf9a8f39b4a--4163bd8f-a84c-4d04-9d0b-1bc0af1775e3--2" daemon [_thread_blocked, id=44803, stack(0x0000700010323000,0x0000700010423000)]
=>0x00007ffea24ff000 JavaThread "Executor task launch worker for task 3" daemon [_thread_in_vm, id=87043, stack(0x0000700010220000,0x0000700010320000)]
  0x00007ffea4330800 JavaThread "Executor task launch worker for task 2" daemon [_thread_in_vm, id=44035, stack(0x000070001011d000,0x000070001021d000)]
  0x00007ffea215c000 JavaThread "Executor task launch worker for task 1" daemon [_thread_in_vm, id=43523, stack(0x000070001001a000,0x000070001011a000)]
  0x00007ffea262b000 JavaThread "Executor task launch worker for task 0" daemon [_thread_blocked, id=32515, stack(0x000070000ff17000,0x0000700010017000)]
  0x00007ffea2def000 JavaThread "epoch update thread for [id = b96a1517-bea4-437f-872a-afa3a02f622b, runId = 9485333e-27ec-4029-9506-5cf9a8f39b4a]" daemon [_thread_blocked, id=32003, stack(0x000070000fe14000,0x000070000ff14000)]
  0x00007ffea1c70800 JavaThread "stream execution thread for [id = b96a1517-bea4-437f-872a-afa3a02f622b, runId = 9485333e-27ec-4029-9506-5cf9a8f39b4a]" daemon [_thread_blocked, id=2583, stack(0x000070000fd11000,0x000070000fe11000)]
  0x00007ffe9e3c5800 JavaThread "process reaper" daemon [_thread_blocked, id=3591, stack(0x000070000c363000,0x000070000c38b000)]
  0x00007ffe9e42b000 JavaThread "org.apache.hadoop.fs.FileSystem$Statistics$StatisticsDataReferenceCleaner" daemon [_thread_blocked, id=33027, stack(0x000070000fc0e000,0x000070000fd0e000)]
  0x00007ffe9e6f1800 JavaThread "spark-listener-group-streams" daemon [_thread_blocked, id=33283, stack(0x000070000fb0b000,0x000070000fc0b000)]
  0x00007ffea0ead800 JavaThread "spark-listener-group-shared" daemon [_thread_blocked, id=33539, stack(0x000070000fa08000,0x000070000fb08000)]
  0x00007ffea0ff6000 JavaThread "element-tracking-store-worker" daemon [_thread_blocked, id=30467, stack(0x000070000f905000,0x000070000fa05000)]
  0x00007ffea019c800 JavaThread "spark-listener-group-executorManagement" daemon [_thread_blocked, id=29955, stack(0x000070000f802000,0x000070000f902000)]
  0x00007ffea019b800 JavaThread "spark-listener-group-appStatus" daemon [_thread_blocked, id=33795, stack(0x000070000f6ff000,0x000070000f7ff000)]
  0x00007ffea019a000 JavaThread "context-cleaner-periodic-gc" daemon [_thread_blocked, id=34307, stack(0x000070000f5fc000,0x000070000f6fc000)]
  0x00007ffea1e2c000 JavaThread "Spark Context Cleaner" daemon [_thread_blocked, id=34563, stack(0x000070000f4f9000,0x000070000f5f9000)]
  0x00007ffea0ed0800 JavaThread "shuffle-server-5-1" daemon [_thread_in_native, id=28931, stack(0x000070000f3f6000,0x000070000f4f6000)]
  0x00007ffea0e51800 JavaThread "driver-heartbeater" daemon [_thread_blocked, id=28675, stack(0x000070000f2f3000,0x000070000f3f3000)]
  0x00007ffe9d9f2800 JavaThread "dag-scheduler-event-loop" daemon [_thread_blocked, id=35075, stack(0x000070000f1f0000,0x000070000f2f0000)]
  0x00007ffea1f0f000 JavaThread "netty-rpc-env-timeout" daemon [_thread_blocked, id=35587, stack(0x000070000f0ed000,0x000070000f1ed000)]
  0x00007ffea0e5d000 JavaThread "Timer-0" daemon [_thread_blocked, id=36099, stack(0x000070000efea000,0x000070000f0ea000)]
  0x00007ffe9db02000 JavaThread "heartbeat-receiver-event-loop-thread" daemon [_thread_blocked, id=27907, stack(0x000070000eee7000,0x000070000efe7000)]
  0x00007ffea1a82800 JavaThread "SparkUI-35" daemon [_thread_blocked, id=36355, stack(0x000070000ede4000,0x000070000eee4000)]
  0x00007ffea1a7d800 JavaThread "SparkUI-34" daemon [_thread_blocked, id=27395, stack(0x000070000ece1000,0x000070000ede1000)]
  0x00007ffea1a7d000 JavaThread "SparkUI-33" daemon [_thread_blocked, id=37123, stack(0x000070000ebde000,0x000070000ecde000)]
  0x00007ffe9d9f1800 JavaThread "SparkUI-32-acceptor-0@3e3afe96-ServerConnector@55787112{HTTP/1.1,[http/1.1]}{0.0.0.0:4040}" daemon [_thread_in_native, id=27139, stack(0x000070000eadb000,0x000070000ebdb000)]
  0x00007ffe9db0e000 JavaThread "SparkUI-31" daemon [_thread_in_native, id=37891, stack(0x000070000e9d8000,0x000070000ead8000)]
  0x00007ffe9db0d000 JavaThread "SparkUI-30" daemon [_thread_in_native, id=26627, stack(0x000070000e8d5000,0x000070000e9d5000)]
  0x00007ffea1a8d000 JavaThread "SparkUI-29" daemon [_thread_in_native, id=38403, stack(0x000070000e7d2000,0x000070000e8d2000)]
  0x00007ffea1a8c000 JavaThread "SparkUI-28" daemon [_thread_in_native, id=26371, stack(0x000070000e6cf000,0x000070000e7cf000)]
  0x00007ffea1a87000 JavaThread "RemoteBlock-temp-file-clean-thread" daemon [_thread_blocked, id=39171, stack(0x000070000e5cc000,0x000070000e6cc000)]
  0x00007ffe9d81f800 JavaThread "map-output-dispatcher-7" daemon [_thread_blocked, id=26115, stack(0x000070000e4c9000,0x000070000e5c9000)]
  0x00007ffe9d842800 JavaThread "map-output-dispatcher-6" daemon [_thread_blocked, id=25603, stack(0x000070000e3c6000,0x000070000e4c6000)]
  0x00007ffe9d842000 JavaThread "map-output-dispatcher-5" daemon [_thread_blocked, id=39939, stack(0x000070000e2c3000,0x000070000e3c3000)]
  0x00007ffea1daa000 JavaThread "map-output-dispatcher-4" daemon [_thread_blocked, id=25347, stack(0x000070000e1c0000,0x000070000e2c0000)]
  0x00007ffea1da9800 JavaThread "map-output-dispatcher-3" daemon [_thread_blocked, id=25091, stack(0x000070000e0bd000,0x000070000e1bd000)]
  0x00007ffea1da4800 JavaThread "map-output-dispatcher-2" daemon [_thread_blocked, id=40707, stack(0x000070000dfba000,0x000070000e0ba000)]
  0x00007ffea1da3800 JavaThread "map-output-dispatcher-1" daemon [_thread_blocked, id=24579, stack(0x000070000deb7000,0x000070000dfb7000)]
  0x00007ffea1dd0800 JavaThread "map-output-dispatcher-0" daemon [_thread_blocked, id=24067, stack(0x000070000ddb4000,0x000070000deb4000)]
  0x00007ffe9d9fe800 JavaThread "rpc-server-3-1" daemon [_thread_in_native, id=41475, stack(0x000070000dcb1000,0x000070000ddb1000)]
  0x00007ffea0147000 JavaThread "dispatcher-event-loop-3" daemon [_thread_blocked, id=41731, stack(0x000070000dbae000,0x000070000dcae000)]
  0x00007ffea0132800 JavaThread "dispatcher-event-loop-2" daemon [_thread_blocked, id=23299, stack(0x000070000daab000,0x000070000dbab000)]
  0x00007ffe9e366800 JavaThread "dispatcher-event-loop-1" daemon [_thread_blocked, id=41987, stack(0x000070000d9a8000,0x000070000daa8000)]
  0x00007ffea1d8e800 JavaThread "dispatcher-event-loop-0" daemon [_thread_blocked, id=42247, stack(0x000070000d8a5000,0x000070000d9a5000)]
  0x00007ffea1045000 JavaThread "Service Thread" daemon [_thread_blocked, id=22275, stack(0x000070000d69f000,0x000070000d79f000)]
  0x00007ffe9f010800 JavaThread "C1 CompilerThread3" daemon [_thread_blocked, id=21763, stack(0x000070000d59c000,0x000070000d69c000)]
  0x00007ffe9f010000 JavaThread "C2 CompilerThread2" daemon [_thread_blocked, id=16899, stack(0x000070000d499000,0x000070000d599000)]
  0x00007ffe9f00f000 JavaThread "C2 CompilerThread1" daemon [_thread_blocked, id=16131, stack(0x000070000d396000,0x000070000d496000)]
  0x00007ffe9f00e800 JavaThread "C2 CompilerThread0" daemon [_thread_blocked, id=17155, stack(0x000070000d293000,0x000070000d393000)]
  0x00007ffea181b000 JavaThread "Monitor Ctrl-Break" daemon [_thread_in_native, id=17411, stack(0x000070000d190000,0x000070000d290000)]
  0x00007ffe9e055800 JavaThread "Signal Dispatcher" daemon [_thread_blocked, id=15367, stack(0x000070000d08d000,0x000070000d18d000)]
  0x00007ffea1800000 JavaThread "Finalizer" daemon [_thread_blocked, id=13315, stack(0x000070000cf8a000,0x000070000d08a000)]
  0x00007ffe9d803800 JavaThread "Reference Handler" daemon [_thread_blocked, id=19459, stack(0x000070000ce87000,0x000070000cf87000)]
  0x00007ffe9e80d000 JavaThread "main" [_thread_blocked, id=9731, stack(0x000070000c469000,0x000070000c569000)]

Other Threads:
  0x00007ffe9e801800 VMThread [stack: 0x000070000cd84000,0x000070000ce84000] [id=12803]
  0x00007ffe9f023800 WatcherThread [stack: 0x000070000d7a2000,0x000070000d8a2000] [id=43267]

VM state:synchronizing (normal execution)

VM Mutex/Monitor currently owned by a thread:  ([mutex/lock_event])
[0x00007ffe9fa029d0] Threads_lock - owner thread: 0x00007ffe9e801800

Heap:
 PSYoungGen      total 320512K, used 23040K [0x000000076ab00000, 0x0000000781780000, 0x00000007c0000000)
  eden space 303616K, 2% used [0x000000076ab00000,0x000000076b107a68,0x000000077d380000)
  from space 16896K, 99% used [0x000000077f000000,0x0000000780078680,0x0000000780080000)
  to   space 29184K, 0% used [0x000000077d380000,0x000000077d380000,0x000000077f000000)
 ParOldGen       total 2628096K, used 2467684K [0x00000006c0000000, 0x0000000760680000, 0x000000076ab00000)
  object space 2628096K, 93% used [0x00000006c0000000,0x00000007569d91a8,0x0000000760680000)
 Metaspace       used 68906K, capacity 69424K, committed 69888K, reserved 1110016K
  class space    used 10113K, capacity 10240K, committed 10240K, reserved 1048576K

Card table byte_map: [0x000000010456e000,0x0000000104d6f000] byte_map_base: 0x0000000100f6e000

Marking Bits: (ParMarkBitMap*) 0x0000000103af76c0
 Begin Bits: [0x00000001052c5000, 0x00000001092c5000)
 End Bits:   [0x00000001092c5000, 0x000000010d2c5000)

Polling page: 0x00000001020c2000

CodeCache: size=245760Kb used=14370Kb max_used=14370Kb free=231389Kb
 bounds [0x000000010ec1a000, 0x000000010fa3a000, 0x000000011dc1a000]
 total_blobs=5464 nmethods=4862 adapters=509
 compilation: enabled

Compilation events (10 events):
Event: 9.689 Thread 0x00007ffe9f010800 nmethod 5649 0x000000010fa2e8d0 code [0x000000010fa2ea40, 0x000000010fa2ecb0]
Event: 9.689 Thread 0x00007ffe9f010800 5647       3       java.util.concurrent.atomic.AtomicBoolean::get (13 bytes)
Event: 9.689 Thread 0x00007ffe9f010800 nmethod 5647 0x000000010fa2e550 code [0x000000010fa2e6c0, 0x000000010fa2e870]
Event: 9.689 Thread 0x00007ffe9f010800 5652       1       scala.concurrent.impl.ExecutionContextImpl::executor (5 bytes)
Event: 9.689 Thread 0x00007ffe9f010800 nmethod 5652 0x000000010fa330d0 code [0x000000010fa33220, 0x000000010fa33330]
Event: 9.689 Thread 0x00007ffe9f010800 5648       1       org.apache.spark.util.ThreadUtils$::sameThreadExecutionContext (5 bytes)
Event: 9.689 Thread 0x00007ffe9f010800 nmethod 5648 0x000000010fa33390 code [0x000000010fa334e0, 0x000000010fa335f0]
Event: 9.689 Thread 0x00007ffe9f010800 5651       1       org.apache.spark.rpc.netty.Inbox::endpoint (5 bytes)
Event: 9.689 Thread 0x00007ffe9f010800 nmethod 5651 0x000000010fa36850 code [0x000000010fa369a0, 0x000000010fa36ab0]
Event: 9.689 Thread 0x00007ffe9f010800 5653       1       scala.util.Success::value (5 bytes)

GC Heap History (10 events):
Event: 4.973 GC heap before
{Heap before GC invocations=9 (full 2):
 PSYoungGen      total 170496K, used 160256K [0x000000076ab00000, 0x0000000779200000, 0x00000007c0000000)
  eden space 160256K, 100% used [0x000000076ab00000,0x0000000774780000,0x0000000774780000)
  from space 10240K, 0% used [0x0000000775200000,0x0000000775200000,0x0000000775c00000)
  to   space 10752K, 0% used [0x0000000774780000,0x0000000774780000,0x0000000775200000)
 ParOldGen       total 149504K, used 9552K [0x00000006c0000000, 0x00000006c9200000, 0x000000076ab00000)
  object space 149504K, 6% used [0x00000006c0000000,0x00000006c0954230,0x00000006c9200000)
 Metaspace       used 44512K, capacity 44786K, committed 45184K, reserved 1087488K
  class space    used 6343K, capacity 6439K, committed 6528K, reserved 1048576K
Event: 4.995 GC heap after
Heap after GC invocations=9 (full 2):
 PSYoungGen      total 171008K, used 10746K [0x000000076ab00000, 0x000000077b480000, 0x00000007c0000000)
  eden space 160256K, 0% used [0x000000076ab00000,0x000000076ab00000,0x0000000774780000)
  from space 10752K, 99% used [0x0000000774780000,0x00000007751fe990,0x0000000775200000)
  to   space 12288K, 0% used [0x000000077a880000,0x000000077a880000,0x000000077b480000)
 ParOldGen       total 149504K, used 10805K [0x00000006c0000000, 0x00000006c9200000, 0x000000076ab00000)
  object space 149504K, 7% used [0x00000006c0000000,0x00000006c0a8d5e8,0x00000006c9200000)
 Metaspace       used 44512K, capacity 44786K, committed 45184K, reserved 1087488K
  class space    used 6343K, capacity 6439K, committed 6528K, reserved 1048576K
}
Event: 6.785 GC heap before
{Heap before GC invocations=10 (full 2):
 PSYoungGen      total 171008K, used 171002K [0x000000076ab00000, 0x000000077b480000, 0x00000007c0000000)
  eden space 160256K, 100% used [0x000000076ab00000,0x0000000774780000,0x0000000774780000)
  from space 10752K, 99% used [0x0000000774780000,0x00000007751fe990,0x0000000775200000)
  to   space 12288K, 0% used [0x000000077a880000,0x000000077a880000,0x000000077b480000)
 ParOldGen       total 149504K, used 10805K [0x00000006c0000000, 0x00000006c9200000, 0x000000076ab00000)
  object space 149504K, 7% used [0x00000006c0000000,0x00000006c0a8d5e8,0x00000006c9200000)
 Metaspace       used 54178K, capacity 54456K, committed 54912K, reserved 1095680K
  class space    used 7864K, capacity 7976K, committed 8064K, reserved 1048576K
Event: 6.805 GC heap after
Heap after GC invocations=10 (full 2):
 PSYoungGen      total 254976K, used 12270K [0x000000076ab00000, 0x000000077b700000, 0x00000007c0000000)
  eden space 242688K, 0% used [0x000000076ab00000,0x000000076ab00000,0x0000000779800000)
  from space 12288K, 99% used [0x000000077a880000,0x000000077b47b878,0x000000077b480000)
  to   space 15872K, 0% used [0x0000000779800000,0x0000000779800000,0x000000077a780000)
 ParOldGen       total 149504K, used 15152K [0x00000006c0000000, 0x00000006c9200000, 0x000000076ab00000)
  object space 149504K, 10% used [0x00000006c0000000,0x00000006c0ecc050,0x00000006c9200000)
 Metaspace       used 54178K, capacity 54456K, committed 54912K, reserved 1095680K
  class space    used 7864K, capacity 7976K, committed 8064K, reserved 1048576K
}
Event: 7.628 GC heap before
{Heap before GC invocations=11 (full 2):
 PSYoungGen      total 254976K, used 102602K [0x000000076ab00000, 0x000000077b700000, 0x00000007c0000000)
  eden space 242688K, 37% used [0x000000076ab00000,0x0000000770337060,0x0000000779800000)
  from space 12288K, 99% used [0x000000077a880000,0x000000077b47b878,0x000000077b480000)
  to   space 15872K, 0% used [0x0000000779800000,0x0000000779800000,0x000000077a780000)
 ParOldGen       total 149504K, used 15152K [0x00000006c0000000, 0x00000006c9200000, 0x000000076ab00000)
  object space 149504K, 10% used [0x00000006c0000000,0x00000006c0ecc050,0x00000006c9200000)
 Metaspace       used 58249K, capacity 58540K, committed 59008K, reserved 1099776K
  class space    used 8478K, capacity 8562K, committed 8576K, reserved 1048576K
Event: 7.640 GC heap after
Heap after GC invocations=11 (full 2):
 PSYoungGen      total 258560K, used 14393K [0x000000076ab00000, 0x0000000780080000, 0x00000007c0000000)
  eden space 242688K, 0% used [0x000000076ab00000,0x000000076ab00000,0x0000000779800000)
  from space 15872K, 90% used [0x0000000779800000,0x000000077a60e688,0x000000077a780000)
  to   space 16896K, 0% used [0x000000077f000000,0x000000077f000000,0x0000000780080000)
 ParOldGen       total 149504K, used 15160K [0x00000006c0000000, 0x00000006c9200000, 0x000000076ab00000)
  object space 149504K, 10% used [0x00000006c0000000,0x00000006c0ece050,0x00000006c9200000)
 Metaspace       used 58249K, capacity 58540K, committed 59008K, reserved 1099776K
  class space    used 8478K, capacity 8562K, committed 8576K, reserved 1048576K
}
Event: 7.640 GC heap before
{Heap before GC invocations=12 (full 3):
 PSYoungGen      total 258560K, used 14393K [0x000000076ab00000, 0x0000000780080000, 0x00000007c0000000)
  eden space 242688K, 0% used [0x000000076ab00000,0x000000076ab00000,0x0000000779800000)
  from space 15872K, 90% used [0x0000000779800000,0x000000077a60e688,0x000000077a780000)
  to   space 16896K, 0% used [0x000000077f000000,0x000000077f000000,0x0000000780080000)
 ParOldGen       total 149504K, used 15160K [0x00000006c0000000, 0x00000006c9200000, 0x000000076ab00000)
  object space 149504K, 10% used [0x00000006c0000000,0x00000006c0ece050,0x00000006c9200000)
 Metaspace       used 58249K, capacity 58540K, committed 59008K, reserved 1099776K
  class space    used 8478K, capacity 8562K, committed 8576K, reserved 1048576K
Event: 7.741 GC heap after
Heap after GC invocations=12 (full 3):
 PSYoungGen      total 258560K, used 0K [0x000000076ab00000, 0x0000000780080000, 0x00000007c0000000)
  eden space 242688K, 0% used [0x000000076ab00000,0x000000076ab00000,0x0000000779800000)
  from space 15872K, 0% used [0x0000000779800000,0x0000000779800000,0x000000077a780000)
  to   space 16896K, 0% used [0x000000077f000000,0x000000077f000000,0x0000000780080000)
 ParOldGen       total 208896K, used 22013K [0x00000006c0000000, 0x00000006ccc00000, 0x000000076ab00000)
  object space 208896K, 10% used [0x00000006c0000000,0x00000006c157f400,0x00000006ccc00000)
 Metaspace       used 58249K, capacity 58540K, committed 59008K, reserved 1099776K
  class space    used 8478K, capacity 8562K, committed 8576K, reserved 1048576K
}
Event: 9.642 GC heap before
{Heap before GC invocations=13 (full 3):
 PSYoungGen      total 258560K, used 242688K [0x000000076ab00000, 0x0000000780080000, 0x00000007c0000000)
  eden space 242688K, 100% used [0x000000076ab00000,0x0000000779800000,0x0000000779800000)
  from space 15872K, 0% used [0x0000000779800000,0x0000000779800000,0x000000077a780000)
  to   space 16896K, 0% used [0x000000077f000000,0x000000077f000000,0x0000000780080000)
 ParOldGen       total 2628096K, used 2439714K [0x00000006c0000000, 0x0000000760680000, 0x000000076ab00000)
  object space 2628096K, 92% used [0x00000006c0000000,0x0000000754e88aa8,0x0000000760680000)
 Metaspace       used 68905K, capacity 69424K, committed 69888K, reserved 1110016K
  class space    used 10113K, capacity 10240K, committed 10240K, reserved 1048576K
Event: 9.688 GC heap after
Heap after GC invocations=13 (full 3):
 PSYoungGen      total 320512K, used 16865K [0x000000076ab00000, 0x0000000781780000, 0x00000007c0000000)
  eden space 303616K, 0% used [0x000000076ab00000,0x000000076ab00000,0x000000077d380000)
  from space 16896K, 99% used [0x000000077f000000,0x0000000780078680,0x0000000780080000)
  to   space 29184K, 0% used [0x000000077d380000,0x000000077d380000,0x000000077f000000)
 ParOldGen       total 2628096K, used 2467684K [0x00000006c0000000, 0x0000000760680000, 0x000000076ab00000)
  object space 2628096K, 93% used [0x00000006c0000000,0x00000007569d91a8,0x0000000760680000)
 Metaspace       used 68905K, capacity 69424K, committed 69888K, reserved 1110016K
  class space    used 10113K, capacity 10240K, committed 10240K, reserved 1048576K
}

Deoptimization events (10 events):
Event: 8.609 Thread 0x00007ffe9d9f2800 Uncommon trap: reason=unstable_if action=reinterpret pc=0x000000010ee630b0 method=java.util.concurrent.locks.ReentrantLock$Sync.nonfairTryAcquire(I)Z @ 34
Event: 8.615 Thread 0x00007ffea019b800 Uncommon trap: reason=class_check action=maybe_recompile pc=0x000000010ef666c0 method=java.util.concurrent.ConcurrentHashMap.putVal(Ljava/lang/Object;Ljava/lang/Object;Z)Ljava/lang/Object; @ 192
Event: 8.623 Thread 0x00007ffea4330800 Uncommon trap: reason=unstable_if action=reinterpret pc=0x000000010f9bcca4 method=java.lang.ThreadLocal.set(Ljava/lang/Object;)V @ 11
Event: 8.660 Thread 0x00007ffea215c000 Uncommon trap: reason=unstable_if action=reinterpret pc=0x000000010f04d29c method=java.util.concurrent.locks.ReentrantLock$Sync.nonfairTryAcquire(I)Z @ 34
Event: 8.660 Thread 0x00007ffea24ff000 Uncommon trap: reason=unstable_if action=reinterpret pc=0x000000010f04d29c method=java.util.concurrent.locks.ReentrantLock$Sync.nonfairTryAcquire(I)Z @ 34
Event: 8.660 Thread 0x00007ffea262b000 Uncommon trap: reason=unstable_if action=reinterpret pc=0x000000010f04d29c method=java.util.concurrent.locks.ReentrantLock$Sync.nonfairTryAcquire(I)Z @ 34
Event: 8.660 Thread 0x00007ffea262b000 Uncommon trap: reason=unstable_if action=reinterpret pc=0x000000010f82919c method=java.util.concurrent.locks.ReentrantLock$Sync.nonfairTryAcquire(I)Z @ 34
Event: 8.745 Thread 0x00007ffe9e4fc800 Uncommon trap: reason=unstable_if action=reinterpret pc=0x000000010f3754f0 method=com.google.protobuf.CodedInputStream.readBytes()Lcom/google/protobuf/ByteString; @ 6
Event: 8.749 Thread 0x00007ffe9e4fc800 Uncommon trap: reason=unstable_if action=reinterpret pc=0x000000010f18349c method=java.lang.StringCoding$StringDecoder.decode([BII)[C @ 20
Event: 8.755 Thread 0x00007ffe9f195000 Uncommon trap: reason=unstable_if action=reinterpret pc=0x000000010f358afc method=com.google.protobuf.CodedInputStream.readBytes()Lcom/google/protobuf/ByteString; @ 6

Classes redefined (0 events):
No events

Internal exceptions (10 events):
Event: 8.563 Thread 0x00007ffe9d9f2800 Exception <a 'java/lang/NoSuchMethodError': <clinit>> (0x00000007726cbed8) thrown at [/Users/java_re/workspace/8-2-build-macosx-x86_64/jdk8u161/10277/hotspot/src/share/vm/prims/jni.cpp, line 1613]
Event: 8.597 Thread 0x00007ffe9e366800 Exception <a 'java/lang/NoSuchMethodError': <clinit>> (0x00000007729a7378) thrown at [/Users/java_re/workspace/8-2-build-macosx-x86_64/jdk8u161/10277/hotspot/src/share/vm/prims/jni.cpp, line 1613]
Event: 8.597 Thread 0x00007ffe9e366800 Exception <a 'java/lang/NoSuchMethodError': <clinit>> (0x00000007729ae968) thrown at [/Users/java_re/workspace/8-2-build-macosx-x86_64/jdk8u161/10277/hotspot/src/share/vm/prims/jni.cpp, line 1613]
Event: 8.599 Thread 0x00007ffe9e366800 Exception <a 'java/lang/NoSuchMethodError': <clinit>> (0x00000007729d2410) thrown at [/Users/java_re/workspace/8-2-build-macosx-x86_64/jdk8u161/10277/hotspot/src/share/vm/prims/jni.cpp, line 1613]
Event: 8.600 Thread 0x00007ffe9e366800 Exception <a 'java/lang/NoSuchMethodError': <clinit>> (0x0000000772a169b8) thrown at [/Users/java_re/workspace/8-2-build-macosx-x86_64/jdk8u161/10277/hotspot/src/share/vm/prims/jni.cpp, line 1613]
Event: 8.605 Thread 0x00007ffe9e366800 Exception <a 'java/lang/NoSuchMethodError': <clinit>> (0x0000000772acc5f8) thrown at [/Users/java_re/workspace/8-2-build-macosx-x86_64/jdk8u161/10277/hotspot/src/share/vm/prims/jni.cpp, line 1613]
Event: 8.605 Thread 0x00007ffe9e366800 Exception <a 'java/lang/NoSuchMethodError': <clinit>> (0x0000000772ad6498) thrown at [/Users/java_re/workspace/8-2-build-macosx-x86_64/jdk8u161/10277/hotspot/src/share/vm/prims/jni.cpp, line 1613]
Event: 8.606 Thread 0x00007ffe9e366800 Exception <a 'java/lang/NoSuchMethodError': <clinit>> (0x0000000772af05f8) thrown at [/Users/java_re/workspace/8-2-build-macosx-x86_64/jdk8u161/10277/hotspot/src/share/vm/prims/jni.cpp, line 1613]
Event: 8.606 Thread 0x00007ffe9e366800 Exception <a 'java/lang/NoSuchMethodError': <clinit>> (0x0000000772af6cd8) thrown at [/Users/java_re/workspace/8-2-build-macosx-x86_64/jdk8u161/10277/hotspot/src/share/vm/prims/jni.cpp, line 1613]
Event: 8.623 Thread 0x00007ffea4330800 Implicit null exception at 0x000000010f9bc975 to 0x000000010f9bcc99

Events (10 events):
Event: 8.810 loading class com/alibaba/fastjson/util/ServiceLoader done
Event: 8.813 loading class org/apache/spark/unsafe/bitset/BitSetMethods
Event: 8.813 loading class org/apache/spark/unsafe/bitset/BitSetMethods done
Event: 8.879 Thread 0x00007ffea36c5800 DEOPT PACKING pc=0x000000010f783856 sp=0x000070001082e3d0
Event: 8.879 Thread 0x00007ffea36c5800 DEOPT UNPACKING pc=0x000000010ec61784 sp=0x000070001082e0d0 mode 0
Event: 8.891 Thread 0x00007ffe9e4fd800 DEOPT PACKING pc=0x000000010f783856 sp=0x0000700010a345c0
Event: 8.891 Thread 0x00007ffe9e4fd800 DEOPT UNPACKING pc=0x000000010ec61784 sp=0x0000700010a342c0 mode 0
Event: 8.940 Executing VM operation: ParallelGCFailedAllocation
Event: 9.688 Executing VM operation: ParallelGCFailedAllocation done
Event: 9.689 Executing VM operation: RevokeBias


Dynamic libraries:
0x000000001f84b000 	/System/Library/Frameworks/Cocoa.framework/Versions/A/Cocoa
0x000000001f84b000 	/System/Library/Frameworks/Security.framework/Versions/A/Security
0x000000001f84b000 	/System/Library/Frameworks/ApplicationServices.framework/Versions/A/ApplicationServices
0x000000001f84b000 	/usr/lib/libz.1.dylib
0x000000001f84b000 	/usr/lib/libSystem.B.dylib
0x000000001f84b000 	/usr/lib/libobjc.A.dylib
0x000000001f84b000 	/System/Library/Frameworks/CoreFoundation.framework/Versions/A/CoreFoundation
0x000000001f84b000 	/System/Library/Frameworks/Foundation.framework/Versions/C/Foundation
0x000000001f84b000 	/System/Library/Frameworks/AppKit.framework/Versions/C/AppKit
0x000000001f84b000 	/System/Library/Frameworks/CoreData.framework/Versions/A/CoreData
0x000000001f84b000 	/System/Library/PrivateFrameworks/RemoteViewServices.framework/Versions/A/RemoteViewServices
0x000000001f84b000 	/System/Library/PrivateFrameworks/UIFoundation.framework/Versions/A/UIFoundation
0x000000001f84b000 	/System/Library/PrivateFrameworks/DFRFoundation.framework/Versions/A/DFRFoundation
0x000000001f84b000 	/System/Library/Frameworks/Metal.framework/Versions/A/Metal
0x000000001f84b000 	/System/Library/PrivateFrameworks/DesktopServicesPriv.framework/Versions/A/DesktopServicesPriv
0x000000001f84b000 	/usr/lib/libenergytrace.dylib
0x000000001f84b000 	/System/Library/PrivateFrameworks/SkyLight.framework/Versions/A/SkyLight
0x000000001f84b000 	/System/Library/Frameworks/CoreGraphics.framework/Versions/A/CoreGraphics
0x000000001f84b000 	/usr/lib/libScreenReader.dylib
0x000000001f84b000 	/System/Library/Frameworks/Accelerate.framework/Versions/A/Accelerate
0x000000001f84b000 	/System/Library/Frameworks/IOSurface.framework/Versions/A/IOSurface
0x000000001f84b000 	/System/Library/Frameworks/AudioToolbox.framework/Versions/A/AudioToolbox
0x000000001f84b000 	/System/Library/Frameworks/AudioUnit.framework/Versions/A/AudioUnit
0x000000001f84b000 	/System/Library/PrivateFrameworks/DataDetectorsCore.framework/Versions/A/DataDetectorsCore
0x000000001f84b000 	/System/Library/Frameworks/Carbon.framework/Versions/A/Frameworks/HIToolbox.framework/Versions/A/HIToolbox
0x000000001f84b000 	/usr/lib/libicucore.A.dylib
0x000000001f84b000 	/System/Library/Frameworks/QuartzCore.framework/Versions/A/QuartzCore
0x000000001f84b000 	/System/Library/Frameworks/Carbon.framework/Versions/A/Frameworks/SpeechRecognition.framework/Versions/A/SpeechRecognition
0x000000001f84b000 	/usr/lib/libauto.dylib
0x000000001f84b000 	/usr/lib/libxml2.2.dylib
0x000000001f84b000 	/System/Library/PrivateFrameworks/CoreUI.framework/Versions/A/CoreUI
0x000000001f84b000 	/System/Library/Frameworks/CoreAudio.framework/Versions/A/CoreAudio
0x000000001f84b000 	/System/Library/Frameworks/DiskArbitration.framework/Versions/A/DiskArbitration
0x000000001f84b000 	/usr/lib/liblangid.dylib
0x000000001f84b000 	/System/Library/PrivateFrameworks/MultitouchSupport.framework/Versions/A/MultitouchSupport
0x000000001f84b000 	/System/Library/Frameworks/IOKit.framework/Versions/A/IOKit
0x000000001f84b000 	/usr/lib/libDiagnosticMessagesClient.dylib
0x000000001f84b000 	/System/Library/Frameworks/CoreServices.framework/Versions/A/CoreServices
0x000000001f84b000 	/System/Library/PrivateFrameworks/PerformanceAnalysis.framework/Versions/A/PerformanceAnalysis
0x000000001f84b000 	/System/Library/Frameworks/OpenGL.framework/Versions/A/OpenGL
0x000000001f84b000 	/System/Library/Frameworks/ColorSync.framework/Versions/A/ColorSync
0x000000001f84b000 	/System/Library/Frameworks/CoreImage.framework/Versions/A/CoreImage
0x000000001f84b000 	/System/Library/Frameworks/CoreText.framework/Versions/A/CoreText
0x000000001f84b000 	/System/Library/Frameworks/ImageIO.framework/Versions/A/ImageIO
0x000000001f84b000 	/System/Library/PrivateFrameworks/Backup.framework/Versions/A/Backup
0x000000001f84b000 	/usr/lib/libarchive.2.dylib
0x000000001f84b000 	/System/Library/Frameworks/CFNetwork.framework/Versions/A/CFNetwork
0x000000001f84b000 	/System/Library/Frameworks/SystemConfiguration.framework/Versions/A/SystemConfiguration
0x000000001f84b000 	/usr/lib/libCRFSuite.dylib
0x000000001f84b000 	/usr/lib/libc++.1.dylib
0x000000001f84b000 	/usr/lib/libc++abi.dylib
0x000000001f84b000 	/usr/lib/system/libcache.dylib
0x000000001f84b000 	/usr/lib/system/libcommonCrypto.dylib
0x000000001f84b000 	/usr/lib/system/libcompiler_rt.dylib
0x000000001f84b000 	/usr/lib/system/libcopyfile.dylib
0x000000001f84b000 	/usr/lib/system/libcorecrypto.dylib
0x000000001f84b000 	/usr/lib/system/libdispatch.dylib
0x000000001f84b000 	/usr/lib/system/libdyld.dylib
0x000000001f84b000 	/usr/lib/system/libkeymgr.dylib
0x000000001f84b000 	/usr/lib/system/liblaunch.dylib
0x000000001f84b000 	/usr/lib/system/libmacho.dylib
0x000000001f84b000 	/usr/lib/system/libquarantine.dylib
0x000000001f84b000 	/usr/lib/system/libremovefile.dylib
0x000000001f84b000 	/usr/lib/system/libsystem_asl.dylib
0x000000001f84b000 	/usr/lib/system/libsystem_blocks.dylib
0x000000001f84b000 	/usr/lib/system/libsystem_c.dylib
0x000000001f84b000 	/usr/lib/system/libsystem_configuration.dylib
0x000000001f84b000 	/usr/lib/system/libsystem_coreservices.dylib
0x000000001f84b000 	/usr/lib/system/libsystem_darwin.dylib
0x000000001f84b000 	/usr/lib/system/libsystem_dnssd.dylib
0x000000001f84b000 	/usr/lib/system/libsystem_info.dylib
0x000000001f84b000 	/usr/lib/system/libsystem_m.dylib
0x000000001f84b000 	/usr/lib/system/libsystem_malloc.dylib
0x000000001f84b000 	/usr/lib/system/libsystem_network.dylib
0x000000001f84b000 	/usr/lib/system/libsystem_networkextension.dylib
0x000000001f84b000 	/usr/lib/system/libsystem_notify.dylib
0x000000001f84b000 	/usr/lib/system/libsystem_sandbox.dylib
0x000000001f84b000 	/usr/lib/system/libsystem_secinit.dylib
0x000000001f84b000 	/usr/lib/system/libsystem_kernel.dylib
0x000000001f84b000 	/usr/lib/system/libsystem_platform.dylib
0x000000001f84b000 	/usr/lib/system/libsystem_pthread.dylib
0x000000001f84b000 	/usr/lib/system/libsystem_symptoms.dylib
0x000000001f84b000 	/usr/lib/system/libsystem_trace.dylib
0x000000001f84b000 	/usr/lib/system/libunwind.dylib
0x000000001f84b000 	/usr/lib/system/libxpc.dylib
0x000000001f84b000 	/usr/lib/closure/libclosured.dylib
0x000000001f84b000 	/usr/lib/libbsm.0.dylib
0x000000001f84b000 	/usr/lib/system/libkxld.dylib
0x000000001f84b000 	/usr/lib/libOpenScriptingUtil.dylib
0x000000001f84b000 	/usr/lib/libcoretls.dylib
0x000000001f84b000 	/usr/lib/libcoretls_cfhelpers.dylib
0x000000001f84b000 	/usr/lib/libpam.2.dylib
0x000000001f84b000 	/usr/lib/libsqlite3.dylib
0x000000001f84b000 	/usr/lib/libxar.1.dylib
0x000000001f84b000 	/usr/lib/libbz2.1.0.dylib
0x000000001f84b000 	/usr/lib/liblzma.5.dylib
0x000000001f84b000 	/usr/lib/libnetwork.dylib
0x000000001f84b000 	/usr/lib/libapple_nghttp2.dylib
0x000000001f84b000 	/usr/lib/libpcap.A.dylib
0x000000001f84b000 	/usr/lib/libboringssl.dylib
0x000000001f84b000 	/usr/lib/libusrtcp.dylib
0x000000001f84b000 	/usr/lib/libapple_crypto.dylib
0x000000001f84b000 	/System/Library/Frameworks/CoreServices.framework/Versions/A/Frameworks/FSEvents.framework/Versions/A/FSEvents
0x000000001f84b000 	/System/Library/Frameworks/CoreServices.framework/Versions/A/Frameworks/CarbonCore.framework/Versions/A/CarbonCore
0x000000001f84b000 	/System/Library/Frameworks/CoreServices.framework/Versions/A/Frameworks/Metadata.framework/Versions/A/Metadata
0x000000001f84b000 	/System/Library/Frameworks/CoreServices.framework/Versions/A/Frameworks/OSServices.framework/Versions/A/OSServices
0x000000001f84b000 	/System/Library/Frameworks/CoreServices.framework/Versions/A/Frameworks/SearchKit.framework/Versions/A/SearchKit
0x000000001f84b000 	/System/Library/Frameworks/CoreServices.framework/Versions/A/Frameworks/AE.framework/Versions/A/AE
0x000000001f84b000 	/System/Library/Frameworks/CoreServices.framework/Versions/A/Frameworks/LaunchServices.framework/Versions/A/LaunchServices
0x000000001f84b000 	/System/Library/Frameworks/CoreServices.framework/Versions/A/Frameworks/DictionaryServices.framework/Versions/A/DictionaryServices
0x000000001f84b000 	/System/Library/Frameworks/CoreServices.framework/Versions/A/Frameworks/SharedFileList.framework/Versions/A/SharedFileList
0x000000001f84b000 	/System/Library/Frameworks/NetFS.framework/Versions/A/NetFS
0x000000001f84b000 	/System/Library/PrivateFrameworks/NetAuth.framework/Versions/A/NetAuth
0x000000001f84b000 	/System/Library/PrivateFrameworks/login.framework/Versions/A/Frameworks/loginsupport.framework/Versions/A/loginsupport
0x000000001f84b000 	/System/Library/PrivateFrameworks/TCC.framework/Versions/A/TCC
0x000000001f84b000 	/usr/lib/libmecabra.dylib
0x000000001f84b000 	/System/Library/Frameworks/ApplicationServices.framework/Versions/A/Frameworks/ATS.framework/Versions/A/ATS
0x000000001f84b000 	/System/Library/Frameworks/ApplicationServices.framework/Versions/A/Frameworks/ColorSyncLegacy.framework/Versions/A/ColorSyncLegacy
0x000000001f84b000 	/System/Library/Frameworks/ApplicationServices.framework/Versions/A/Frameworks/HIServices.framework/Versions/A/HIServices
0x000000001f84b000 	/System/Library/Frameworks/ApplicationServices.framework/Versions/A/Frameworks/LangAnalysis.framework/Versions/A/LangAnalysis
0x000000001f84b000 	/System/Library/Frameworks/ApplicationServices.framework/Versions/A/Frameworks/PrintCore.framework/Versions/A/PrintCore
0x000000001f84b000 	/System/Library/Frameworks/ApplicationServices.framework/Versions/A/Frameworks/QD.framework/Versions/A/QD
0x000000001f84b000 	/System/Library/Frameworks/ApplicationServices.framework/Versions/A/Frameworks/SpeechSynthesis.framework/Versions/A/SpeechSynthesis
0x000000001f84b000 	/System/Library/Frameworks/CoreDisplay.framework/Versions/A/CoreDisplay
0x000000001f84b000 	/System/Library/Frameworks/Accelerate.framework/Versions/A/Frameworks/vImage.framework/Versions/A/vImage
0x000000001f84b000 	/System/Library/Frameworks/Accelerate.framework/Versions/A/Frameworks/vecLib.framework/Versions/A/vecLib
0x000000001f84b000 	/System/Library/Frameworks/Accelerate.framework/Versions/A/Frameworks/vecLib.framework/Versions/A/libvDSP.dylib
0x000000001f84b000 	/System/Library/Frameworks/Accelerate.framework/Versions/A/Frameworks/vecLib.framework/Versions/A/libBNNS.dylib
0x000000001f84b000 	/System/Library/Frameworks/Accelerate.framework/Versions/A/Frameworks/vecLib.framework/Versions/A/libQuadrature.dylib
0x000000001f84b000 	/System/Library/Frameworks/Accelerate.framework/Versions/A/Frameworks/vecLib.framework/Versions/A/libvMisc.dylib
0x000000001f84b000 	/System/Library/Frameworks/Accelerate.framework/Versions/A/Frameworks/vecLib.framework/Versions/A/libLAPACK.dylib
0x000000001f84b000 	/System/Library/Frameworks/Accelerate.framework/Versions/A/Frameworks/vecLib.framework/Versions/A/libBLAS.dylib
0x000000001f84b000 	/System/Library/Frameworks/Accelerate.framework/Versions/A/Frameworks/vecLib.framework/Versions/A/libLinearAlgebra.dylib
0x000000001f84b000 	/System/Library/Frameworks/Accelerate.framework/Versions/A/Frameworks/vecLib.framework/Versions/A/libSparse.dylib
0x000000001f84b000 	/System/Library/Frameworks/Accelerate.framework/Versions/A/Frameworks/vecLib.framework/Versions/A/libSparseBLAS.dylib
0x000000001f84b000 	/System/Library/PrivateFrameworks/IOAccelerator.framework/Versions/A/IOAccelerator
0x000000001f84b000 	/System/Library/PrivateFrameworks/IOPresentment.framework/Versions/A/IOPresentment
0x000000001f84b000 	/System/Library/PrivateFrameworks/DSExternalDisplay.framework/Versions/A/DSExternalDisplay
0x000000001f84b000 	/System/Library/Frameworks/OpenGL.framework/Versions/A/Libraries/libCoreFSCache.dylib
0x000000001f84b000 	/System/Library/Frameworks/CoreVideo.framework/Versions/A/CoreVideo
0x000000001f84b000 	/System/Library/PrivateFrameworks/GraphVisualizer.framework/Versions/A/GraphVisualizer
0x000000001f84b000 	/System/Library/Frameworks/MetalPerformanceShaders.framework/Versions/A/MetalPerformanceShaders
0x000000001f84b000 	/usr/lib/libFosl_dynamic.dylib
0x000000001f84b000 	/System/Library/PrivateFrameworks/FaceCore.framework/Versions/A/FaceCore
0x000000001f84b000 	/System/Library/Frameworks/OpenCL.framework/Versions/A/OpenCL
0x000000001f84b000 	/usr/lib/libcompression.dylib
0x000000001f84b000 	/System/Library/Frameworks/ApplicationServices.framework/Versions/A/Frameworks/ATS.framework/Versions/A/Resources/libFontParser.dylib
0x000000001f84b000 	/System/Library/Frameworks/ApplicationServices.framework/Versions/A/Frameworks/ATS.framework/Versions/A/Resources/libFontRegistry.dylib
0x000000001f84b000 	/System/Library/Frameworks/ImageIO.framework/Versions/A/Resources/libJPEG.dylib
0x000000001f84b000 	/System/Library/Frameworks/ImageIO.framework/Versions/A/Resources/libTIFF.dylib
0x000000001f84b000 	/System/Library/Frameworks/ImageIO.framework/Versions/A/Resources/libPng.dylib
0x000000001f84b000 	/System/Library/Frameworks/ImageIO.framework/Versions/A/Resources/libGIF.dylib
0x000000001f84b000 	/System/Library/Frameworks/ImageIO.framework/Versions/A/Resources/libJP2.dylib
0x000000001f84b000 	/System/Library/Frameworks/ImageIO.framework/Versions/A/Resources/libRadiance.dylib
0x000000001f84b000 	/System/Library/PrivateFrameworks/AppleJPEG.framework/Versions/A/AppleJPEG
0x000000001f84b000 	/System/Library/PrivateFrameworks/MetalTools.framework/Versions/A/MetalTools
0x000000001f84b000 	/System/Library/Frameworks/MetalPerformanceShaders.framework/Frameworks/MPSCore.framework/Versions/A/MPSCore
0x000000001f84b000 	/System/Library/Frameworks/MetalPerformanceShaders.framework/Frameworks/MPSImage.framework/Versions/A/MPSImage
0x000000001f84b000 	/System/Library/Frameworks/MetalPerformanceShaders.framework/Frameworks/MPSMatrix.framework/Versions/A/MPSMatrix
0x000000001f84b000 	/System/Library/Frameworks/MetalPerformanceShaders.framework/Frameworks/MPSNeuralNetwork.framework/Versions/A/MPSNeuralNetwork
0x000000001f84b000 	/System/Library/Frameworks/OpenGL.framework/Versions/A/Libraries/libGLU.dylib
0x000000001f84b000 	/System/Library/Frameworks/OpenGL.framework/Versions/A/Libraries/libGFXShared.dylib
0x000000001f84b000 	/System/Library/Frameworks/OpenGL.framework/Versions/A/Libraries/libGL.dylib
0x000000001f84b000 	/System/Library/Frameworks/OpenGL.framework/Versions/A/Libraries/libGLImage.dylib
0x000000001f84b000 	/System/Library/Frameworks/OpenGL.framework/Versions/A/Libraries/libCVMSPluginSupport.dylib
0x000000001f84b000 	/System/Library/Frameworks/OpenGL.framework/Versions/A/Libraries/libCoreVMClient.dylib
0x000000001f84b000 	/usr/lib/libcups.2.dylib
0x000000001f84b000 	/System/Library/Frameworks/Kerberos.framework/Versions/A/Kerberos
0x000000001f84b000 	/System/Library/Frameworks/GSS.framework/Versions/A/GSS
0x000000001f84b000 	/usr/lib/libresolv.9.dylib
0x000000001f84b000 	/usr/lib/libiconv.2.dylib
0x000000001f84b000 	/System/Library/PrivateFrameworks/Heimdal.framework/Versions/A/Heimdal
0x000000001f84b000 	/usr/lib/libheimdal-asn1.dylib
0x000000001f84b000 	/System/Library/Frameworks/OpenDirectory.framework/Versions/A/OpenDirectory
0x000000001f84b000 	/System/Library/PrivateFrameworks/CommonAuth.framework/Versions/A/CommonAuth
0x000000001f84b000 	/System/Library/Frameworks/OpenDirectory.framework/Versions/A/Frameworks/CFOpenDirectory.framework/Versions/A/CFOpenDirectory
0x000000001f84b000 	/System/Library/Frameworks/SecurityFoundation.framework/Versions/A/SecurityFoundation
0x000000001f84b000 	/System/Library/PrivateFrameworks/APFS.framework/Versions/A/APFS
0x000000001f84b000 	/usr/lib/libutil.dylib
0x000000001f84b000 	/System/Library/PrivateFrameworks/AppleSauce.framework/Versions/A/AppleSauce
0x000000001f84b000 	/System/Library/PrivateFrameworks/LinguisticData.framework/Versions/A/LinguisticData
0x000000001f84b000 	/usr/lib/libmarisa.dylib
0x000000001f84b000 	/System/Library/PrivateFrameworks/Lexicon.framework/Versions/A/Lexicon
0x000000001f84b000 	/usr/lib/libChineseTokenizer.dylib
0x000000001f84b000 	/usr/lib/libcmph.dylib
0x000000001f84b000 	/System/Library/PrivateFrameworks/LanguageModeling.framework/Versions/A/LanguageModeling
0x000000001f84b000 	/System/Library/PrivateFrameworks/CoreEmoji.framework/Versions/A/CoreEmoji
0x000000001f84b000 	/System/Library/Frameworks/ServiceManagement.framework/Versions/A/ServiceManagement
0x000000001f84b000 	/System/Library/PrivateFrameworks/BackgroundTaskManagement.framework/Versions/A/BackgroundTaskManagement
0x000000001f84b000 	/usr/lib/libxslt.1.dylib
0x000000001f84b000 	/System/Library/Frameworks/Carbon.framework/Versions/A/Frameworks/Ink.framework/Versions/A/Ink
0x000000001f84b000 	/System/Library/PrivateFrameworks/TextureIO.framework/Versions/A/TextureIO
0x000000001f84b000 	/usr/lib/libate.dylib
0x000000001f84b000 	/System/Library/PrivateFrameworks/CrashReporterSupport.framework/Versions/A/CrashReporterSupport
0x000000001f84b000 	/System/Library/PrivateFrameworks/Sharing.framework/Versions/A/Sharing
0x000000001f84b000 	/System/Library/PrivateFrameworks/IconServices.framework/Versions/A/IconServices
0x000000001f84b000 	/System/Library/PrivateFrameworks/ProtocolBuffer.framework/Versions/A/ProtocolBuffer
0x000000001f84b000 	/System/Library/PrivateFrameworks/Apple80211.framework/Versions/A/Apple80211
0x000000001f84b000 	/System/Library/Frameworks/CoreWLAN.framework/Versions/A/CoreWLAN
0x000000001f84b000 	/System/Library/PrivateFrameworks/CoreUtils.framework/Versions/A/CoreUtils
0x000000001f84b000 	/System/Library/Frameworks/IOBluetooth.framework/Versions/A/IOBluetooth
0x000000001f84b000 	/System/Library/PrivateFrameworks/CoreWiFi.framework/Versions/A/CoreWiFi
0x000000001f84b000 	/System/Library/Frameworks/CoreBluetooth.framework/Versions/A/CoreBluetooth
0x000000001f84b000 	/System/Library/PrivateFrameworks/SignpostNotification.framework/Versions/A/SignpostNotification
0x000000001f84b000 	/System/Library/PrivateFrameworks/DebugSymbols.framework/Versions/A/DebugSymbols
0x000000001f84b000 	/System/Library/PrivateFrameworks/CoreSymbolication.framework/Versions/A/CoreSymbolication
0x000000001f84b000 	/System/Library/PrivateFrameworks/Symbolication.framework/Versions/A/Symbolication
0x000000001f84b000 	/System/Library/PrivateFrameworks/AppleFSCompression.framework/Versions/A/AppleFSCompression
0x000000001f84b000 	/System/Library/PrivateFrameworks/SpeechRecognitionCore.framework/Versions/A/SpeechRecognitionCore
0x000000001f84b000 	/System/Library/CoreServices/Encodings/libSimplifiedChineseConverter.dylib
0x0000000103200000 	/Library/Java/JavaVirtualMachines/jdk1.8.0_161.jdk/Contents/Home/jre/lib/server/libjvm.dylib
0x000000001f84b000 	/usr/lib/libstdc++.6.0.9.dylib
0x000000010207e000 	/Library/Java/JavaVirtualMachines/jdk1.8.0_161.jdk/Contents/Home/jre/lib/libverify.dylib
0x000000010208c000 	/Library/Java/JavaVirtualMachines/jdk1.8.0_161.jdk/Contents/Home/jre/lib/libjava.dylib
0x00000001020c3000 	/Library/Java/JavaVirtualMachines/jdk1.8.0_161.jdk/Contents/Home/jre/lib/libinstrument.dylib
0x0000000102161000 	/Library/Java/JavaVirtualMachines/jdk1.8.0_161.jdk/Contents/Home/jre/lib/libzip.dylib
0x0000000121f9d000 	/Library/Java/JavaVirtualMachines/jdk1.8.0_161.jdk/Contents/Home/jre/lib/libnet.dylib
0x0000000122528000 	/Library/Java/JavaVirtualMachines/jdk1.8.0_161.jdk/Contents/Home/jre/lib/libmanagement.dylib
0x0000000122736000 	/Library/Java/JavaVirtualMachines/jdk1.8.0_161.jdk/Contents/Home/jre/lib/libosx.dylib
0x0000000122744000 	/Library/Java/JavaVirtualMachines/jdk1.8.0_161.jdk/Contents/Home/jre/lib/./libosxapp.dylib
0x000000001f84b000 	/System/Library/Frameworks/JavaVM.framework/Versions/A/Frameworks/JavaNativeFoundation.framework/Versions/A/JavaNativeFoundation
0x000000001f84b000 	/System/Library/Frameworks/JavaVM.framework/Versions/A/Frameworks/JavaRuntimeSupport.framework/Versions/A/JavaRuntimeSupport
0x000000001f84b000 	/System/Library/Frameworks/Carbon.framework/Versions/A/Carbon
0x000000001f84b000 	/System/Library/Frameworks/ExceptionHandling.framework/Versions/A/ExceptionHandling
0x000000001f84b000 	/System/Library/Frameworks/Carbon.framework/Versions/A/Frameworks/CommonPanels.framework/Versions/A/CommonPanels
0x000000001f84b000 	/System/Library/Frameworks/Carbon.framework/Versions/A/Frameworks/Help.framework/Versions/A/Help
0x000000001f84b000 	/System/Library/Frameworks/Carbon.framework/Versions/A/Frameworks/ImageCapture.framework/Versions/A/ImageCapture
0x000000001f84b000 	/System/Library/Frameworks/Carbon.framework/Versions/A/Frameworks/OpenScripting.framework/Versions/A/OpenScripting
0x000000001f84b000 	/System/Library/Frameworks/Carbon.framework/Versions/A/Frameworks/Print.framework/Versions/A/Print
0x000000001f84b000 	/System/Library/Frameworks/Carbon.framework/Versions/A/Frameworks/SecurityHI.framework/Versions/A/SecurityHI
0x000000001f84b000 	/System/Library/Frameworks/JavaVM.framework/Versions/A/JavaVM
0x000000001f84b000 	/System/Library/PrivateFrameworks/JavaLaunching.framework/Versions/A/JavaLaunching
0x0000000122960000 	/Library/Java/JavaVirtualMachines/jdk1.8.0_161.jdk/Contents/Home/jre/lib/libjaas_unix.dylib
0x0000000122dca000 	/Library/Java/JavaVirtualMachines/jdk1.8.0_161.jdk/Contents/Home/jre/lib/libnio.dylib
0x000000012214a000 	/Library/Java/JavaVirtualMachines/jdk1.8.0_161.jdk/Contents/Home/jre/lib/libsunec.dylib
0x00000001220c1000 	/private/var/folders/s6/xg2j8hl96jld7rqk79rqqgsh0000gn/T/liblz4-java6036458353619482609.dylib

VM Arguments:
jvm_args: -javaagent:/Applications/IntelliJ IDEA CE.app/Contents/lib/idea_rt.jar=54497:/Applications/IntelliJ IDEA CE.app/Contents/bin -Dfile.encoding=UTF-8 
java_command: com.aliyun.emr.examples.sql.streaming.ContinuousStructuredLoghubSample emapreduce-log-hz ganglia-metrics LTAIWlN7apA5LbOW ki2CGYOPjx0e156vQBIF1YQCzZCwoH cn-hangzhou.log.aliyuncs.com latest
java_class_path (initial): /Library/Java/JavaVirtualMachines/jdk1.8.0_161.jdk/Contents/Home/jre/lib/charsets.jar:/Library/Java/JavaVirtualMachines/jdk1.8.0_161.jdk/Contents/Home/jre/lib/deploy.jar:/Library/Java/JavaVirtualMachines/jdk1.8.0_161.jdk/Contents/Home/jre/lib/ext/cldrdata.jar:/Library/Java/JavaVirtualMachines/jdk1.8.0_161.jdk/Contents/Home/jre/lib/ext/dnsns.jar:/Library/Java/JavaVirtualMachines/jdk1.8.0_161.jdk/Contents/Home/jre/lib/ext/jaccess.jar:/Library/Java/JavaVirtualMachines/jdk1.8.0_161.jdk/Contents/Home/jre/lib/ext/jfxrt.jar:/Library/Java/JavaVirtualMachines/jdk1.8.0_161.jdk/Contents/Home/jre/lib/ext/localedata.jar:/Library/Java/JavaVirtualMachines/jdk1.8.0_161.jdk/Contents/Home/jre/lib/ext/nashorn.jar:/Library/Java/JavaVirtualMachines/jdk1.8.0_161.jdk/Contents/Home/jre/lib/ext/sunec.jar:/Library/Java/JavaVirtualMachines/jdk1.8.0_161.jdk/Contents/Home/jre/lib/ext/sunjce_provider.jar:/Library/Java/JavaVirtualMachines/jdk1.8.0_161.jdk/Contents/Home/jre/lib/ext/sunpkcs11.jar:/Library/Java/JavaVirtualMachines/jdk1.8.0_161.jdk/Contents/Home/jre/lib/ext/zipfs.jar:/Library/Java/JavaVirtualMachines/jdk1.8.0_161.jdk/Contents/Home/jre/lib/javaws.jar:/Library/Java/JavaVirtualMachines/jdk1.8.0_161.jdk/Contents/Home/jre/lib/jce.jar:/Library/Java/JavaVirtualMachines/jdk1.8.0_161.jdk/Contents/Home/jre/lib/jfr.jar:/Library/Java/JavaVirtualMachines/jdk1.8.0_161.jdk/Contents/Home/jre/lib/jfxswt.jar:/Library/Java/JavaVirtualMachines/jdk1.8.0_161.jdk/Contents/Home/jre/lib/jsse.jar:/Library/Java/JavaVirtualMachines/jdk1.8.0_161.jdk/Contents/Home/jre/lib/management-agent.jar:/Library/Java/JavaVirtualMachines/jdk1.8.0_161.jdk/Contents/Home/jre/lib/plugin.jar:/Library/Java/JavaVirtualMachines/jdk1.8.0_161.jdk/Contents/Home/jre/lib/resources.jar:/Library/Java/JavaVirtualMachines/jdk1.8.0_161.jdk/Contents/Home/jre/lib/rt.jar:/Library/Java/JavaVirtualMachines/jdk1.8.0_161.jdk/Contents/Home/lib/ant-javafx.jar:/Library/Java/JavaVirtualMachines/jdk1.8.0_161.jdk/Contents/Home
Launcher Type: SUN_STANDARD

Environment Variables:
JAVA_HOME=/Library/Java/JavaVirtualMachines/jdk1.8.0_161.jdk/Contents/Home
PATH=/Library/Frameworks/Python.framework/Versions/2.7/bin:/usr/local/bin:/usr/bin:/bin:/usr/sbin:/sbin:/Users/wenxuan/soft/apache-maven-3.5.2/bin:/Users/wenxuan/soft/scala-2.11.12/bin:/Library/Java/JavaVirtualMachines/jdk1.8.0_161.jdk/Contents/Home/bin
SHELL=/bin/bash

Signal Handlers:
SIGSEGV: [libjvm.dylib+0x5b5439], sa_mask[0]=11111111011111110111111111111111, sa_flags=SA_ONSTACK|SA_RESTART|SA_SIGINFO
SIGBUS: [libjvm.dylib+0x5b5439], sa_mask[0]=11111111011111110111111111111111, sa_flags=SA_RESTART|SA_SIGINFO
SIGFPE: [libjvm.dylib+0x48ae24], sa_mask[0]=11111111011111110111111111111111, sa_flags=SA_RESTART|SA_SIGINFO
SIGPIPE: [libjvm.dylib+0x48ae24], sa_mask[0]=11111111011111110111111111111111, sa_flags=SA_RESTART|SA_SIGINFO
SIGXFSZ: [libjvm.dylib+0x48ae24], sa_mask[0]=11111111011111110111111111111111, sa_flags=SA_RESTART|SA_SIGINFO
SIGILL: [libjvm.dylib+0x48ae24], sa_mask[0]=11111111011111110111111111111111, sa_flags=SA_RESTART|SA_SIGINFO
SIGUSR1: SIG_DFL, sa_mask[0]=00000000000000000000000000000000, sa_flags=none
SIGUSR2: [libjvm.dylib+0x48a942], sa_mask[0]=00100000000000000000000000000000, sa_flags=SA_RESTART|SA_SIGINFO
SIGHUP: [libjvm.dylib+0x488f0d], sa_mask[0]=11111111011111110111111111111111, sa_flags=SA_RESTART|SA_SIGINFO
SIGINT: [libjvm.dylib+0x488f0d], sa_mask[0]=11111111011111110111111111111111, sa_flags=SA_RESTART|SA_SIGINFO
SIGTERM: [libjvm.dylib+0x488f0d], sa_mask[0]=11111111011111110111111111111111, sa_flags=SA_RESTART|SA_SIGINFO
SIGQUIT: [libjvm.dylib+0x488f0d], sa_mask[0]=11111111011111110111111111111111, sa_flags=SA_RESTART|SA_SIGINFO


---------------  S Y S T E M  ---------------

OS:Bsduname:Darwin 17.3.0 Darwin Kernel Version 17.3.0: Thu Nov  9 18:09:22 PST 2017; root:xnu-4570.31.3~1/RELEASE_X86_64 x86_64
rlimit: STACK 8192k, CORE 0k, NPROC 1418, NOFILE 10240, AS infinity
load average:4.92 3.81 3.59

CPU:total 8 (initial active 8) (4 cores per cpu, 2 threads per core) family 6 model 70 stepping 1, cmov, cx8, fxsr, mmx, sse, sse2, sse3, ssse3, sse4.1, sse4.2, popcnt, avx, avx2, aes, clmul, erms, lzcnt, ht, tsc, tscinvbit, bmi1, bmi2

Memory: 4k page, physical 16777216k(413612k free)

/proc/meminfo:


vm_info: Java HotSpot(TM) 64-Bit Server VM (25.161-b12) for bsd-amd64 JRE (1.8.0_161-b12), built on Dec 19 2017 16:22:20 by "java_re" with gcc 4.2.1 (Based on Apple Inc. build 5658) (LLVM build 2336.11.00)

time: Tue Mar 19 18:50:19 2019
elapsed time: 9 seconds (0d 0h 0m 9s)

